2021-07-05 16:23:13,651:INFO:PyCaret Supervised Module
2021-07-05 16:23:13,651:INFO:ML Usecase: regression
2021-07-05 16:23:13,652:INFO:version 2.3.1
2021-07-05 16:23:13,653:INFO:Initializing setup()
2021-07-05 16:23:13,653:INFO:setup(target=Quantity, ml_usecase=regression, available_plots={'parameter': 'Hyperparameters', 'residuals': 'Residuals', 'error': 'Prediction Error', 'cooks': 'Cooks Distance', 'rfe': 'Feature Selection', 'learning': 'Learning Curve', 'manifold': 'Manifold Learning', 'vc': 'Validation Curve', 'feature': 'Feature Importance', 'feature_all': 'Feature Importance (All)', 'tree': 'Decision Tree', 'residuals_interactive': 'Interactive Residuals'}, train_size=0.7, test_data=                        Product Amount  Quantity
Customer Shipment Date                          
2021-05-25                       31.99         1
2020-10-23                       31.99         1
2021-05-31                       28.79         1
2021-03-28                       51.18         2, preprocess=True, imputation_type=simple, iterative_imputation_iters=5, categorical_features=None, categorical_imputation=constant, categorical_iterative_imputer=lightgbm, ordinal_features=None, high_cardinality_features=None, high_cardinality_method=frequency, numeric_features=['Product Amount'], numeric_imputation=mean, numeric_iterative_imputer=lightgbm, date_features=None, ignore_features=None, normalize=False, normalize_method=zscore, transformation=False, transformation_method=yeo-johnson, handle_unknown_categorical=True, unknown_categorical_method=least_frequent, pca=False, pca_method=linear, pca_components=None, ignore_low_variance=False, combine_rare_levels=False, rare_level_threshold=0.1, bin_numeric_features=None, remove_outliers=False, outliers_threshold=0.05, remove_multicollinearity=False, multicollinearity_threshold=0.9, remove_perfect_collinearity=True, create_clusters=False, cluster_iter=20, polynomial_features=False, polynomial_degree=2, trigonometry_features=False, polynomial_threshold=0.1, group_features=None, group_names=None, feature_selection=False, feature_selection_threshold=0.8, feature_selection_method=classic, feature_interaction=False, feature_ratio=False, interaction_threshold=0.01, fix_imbalance=False, fix_imbalance_method=None, transform_target=True, transform_target_method=box-cox, data_split_shuffle=True, data_split_stratify=False, fold_strategy=timeseries, fold=3, fold_shuffle=False, fold_groups=None, n_jobs=-1, use_gpu=False, custom_pipeline=None, html=True, session_id=123, log_experiment=False, experiment_name=None, log_plots=False, log_profile=False, log_data=False, silent=False, verbose=True, profile=False, profile_kwargs=None, display=None)
2021-07-05 16:23:13,654:INFO:Checking environment
2021-07-05 16:23:13,654:INFO:python_version: 3.8.3
2021-07-05 16:23:13,654:INFO:python_build: ('default', 'Jul  2 2020 17:30:36')
2021-07-05 16:23:13,654:INFO:machine: AMD64
2021-07-05 16:23:13,655:INFO:platform: Windows-10-10.0.19041-SP0
2021-07-05 16:23:13,655:INFO:Memory: svmem(total=16901824512, available=4329873408, percent=74.4, used=12571951104, free=4329873408)
2021-07-05 16:23:13,656:INFO:Physical Core: 4
2021-07-05 16:23:13,656:INFO:Logical Core: 8
2021-07-05 16:23:13,656:INFO:Checking libraries
2021-07-05 16:23:13,656:INFO:pd==1.1.5
2021-07-05 16:23:13,656:INFO:numpy==1.20.3
2021-07-05 16:23:13,656:INFO:sklearn==0.23.2
2021-07-05 16:23:13,656:INFO:lightgbm==3.2.1
2021-07-05 16:23:13,662:WARNING:catboost not found
2021-07-05 16:23:13,665:WARNING:xgboost not found
2021-07-05 16:23:14,818:INFO:mlflow==1.18.0
2021-07-05 16:23:14,818:INFO:Checking Exceptions
2021-07-05 16:23:14,818:INFO:Declaring global variables
2021-07-05 16:23:14,818:INFO:USI: e5f3
2021-07-05 16:23:14,818:INFO:pycaret_globals: {'X', 'gpu_param', '_all_models_internal', 'fix_imbalance_method_param', 'transform_target_method_param', 'pycaret_globals', 'seed', 'prep_pipe', 'fold_groups_param', '_internal_pipeline', 'experiment__', '_gpu_n_jobs_param', 'create_model_container', 'display_container', 'transform_target_param', 'stratify_param', 'iterative_imputation_iters_param', 'logging_param', 'X_train', '_all_metrics', 'USI', 'master_model_container', 'log_plots_param', 'data_before_preprocess', 'y', 'fold_generator', 'y_train', 'imputation_classifier', 'fold_shuffle_param', 'fix_imbalance_param', 'imputation_regressor', 'fold_groups_param_full', 'fold_param', '_available_plots', 'n_jobs_param', 'exp_name_log', 'html_param', '_ml_usecase', '_all_models', 'X_test', 'target_param', 'y_test'}
2021-07-05 16:23:14,819:INFO:Preparing display monitor
2021-07-05 16:23:14,819:INFO:Preparing display monitor
2021-07-05 16:23:14,835:INFO:Importing libraries
2021-07-05 16:23:14,836:INFO:Copying data for preprocessing
2021-07-05 16:23:14,846:INFO:Declaring preprocessing parameters
2021-07-05 16:23:14,848:INFO:Creating preprocessing pipeline
2021-07-05 16:23:14,852:INFO:Preprocessing pipeline created successfully
2021-07-05 16:23:14,852:ERROR:(Process Exit): setup has been interupted with user command 'quit'. setup must rerun.
2021-07-05 16:23:14,852:INFO:Creating global containers
2021-07-05 16:23:14,854:INFO:Internal pipeline: Pipeline(memory=None, steps=[('empty_step', 'passthrough')], verbose=False)
2021-07-07 10:19:57,464:INFO:PyCaret Supervised Module
2021-07-07 10:19:57,474:INFO:ML Usecase: regression
2021-07-07 10:19:57,474:INFO:version 2.3.1
2021-07-07 10:19:57,474:INFO:Initializing setup()
2021-07-07 10:19:57,474:INFO:setup(target=Passengers, ml_usecase=regression, available_plots={'parameter': 'Hyperparameters', 'residuals': 'Residuals', 'error': 'Prediction Error', 'cooks': 'Cooks Distance', 'rfe': 'Feature Selection', 'learning': 'Learning Curve', 'manifold': 'Manifold Learning', 'vc': 'Validation Curve', 'feature': 'Feature Importance', 'feature_all': 'Feature Importance (All)', 'tree': 'Decision Tree', 'residuals_interactive': 'Interactive Residuals'}, train_size=0.7, test_data=     date_time  Product Amount  Quantity  maxtempC  mintempC  totalSnow_cm  \
0   2020-07-02           31.99         1      32.0      18.0           0.0   
1   2020-07-09           63.98         2      37.0      19.0           0.0   
2   2020-07-21           31.99         1      38.0      22.0           0.0   
3   2020-08-30           31.99         1      34.0      19.0           0.0   
4   2020-09-12           31.99         1      34.0      19.0           0.0   
5   2020-10-15           56.99         1      33.0      15.0           0.0   
6   2020-10-17           31.99         1      33.0      16.0           0.0   
7   2020-10-19           24.99         1      32.0      15.0           0.0   
8   2020-10-27           31.99         1      19.0       4.0           0.0   
9   2020-11-13            0.00         3      17.0       4.0           0.0   
10  2020-11-18           31.99         1      19.0      11.0           0.0   
11  2020-11-21           31.99         1      20.0       7.0           0.0   

    sunHour  uvIndex  moon_illumination  moonrise     moonset   sunrise  \
0      14.5      7.0               79.0  06:00 PM    03:27 AM  05:42 AM   
1      14.5      8.0               70.0  11:31 PM    10:06 AM  05:46 AM   
2      14.5      8.0                2.0  06:45 AM    09:15 PM  05:54 AM   
3      11.6      7.0               79.0  06:21 PM    03:43 AM  06:23 AM   
4      11.6      7.0               20.0  01:07 AM    04:06 PM  06:33 AM   
5      11.6      7.0                2.0  05:30 AM    06:02 PM  06:59 AM   
6      11.1      7.0                0.0  07:56 AM    07:14 PM  07:00 AM   
7      11.1      7.0               13.0  10:23 AM    08:40 PM  07:02 AM   
8      10.9      4.0               71.0  04:35 PM    03:28 AM  07:09 AM   
9       8.7      4.0                0.0  05:28 AM    05:05 PM  07:26 AM   
10      8.7      5.0               17.0  11:23 AM    09:14 PM  07:31 AM   
11      8.7      4.0               39.0  01:39 PM  No moonset  07:33 AM   

      sunset  DewPointC  FeelsLikeC  HeatIndexC  WindChillC  WindGustKmph  \
0   08:10 PM        1.0        25.0        25.0        25.0          29.0   
1   08:09 PM       -2.0        29.0        29.0        29.0          23.0   
2   08:03 PM        3.0        31.0        31.0        31.0          22.0   
3   07:21 PM       -2.0        27.0        27.0        27.0          18.0   
4   07:02 PM       -1.0        27.0        27.0        27.0          13.0   
5   06:16 PM       -1.0        25.0        25.0        25.0           6.0   
6   06:13 PM       -1.0        25.0        25.0        25.0          19.0   
7   06:11 PM       -3.0        24.0        24.0        24.0          17.0   
8   06:02 PM      -19.0        12.0        12.0        12.0           8.0   
9   05:47 PM       -5.0         9.0        10.0         9.0          20.0   
10  05:44 PM       -2.0        13.0        14.0        13.0          36.0   
11  05:43 PM       -4.0        13.0        13.0        13.0          12.0   

    cloudcover  humidity  precipMM  pressure  tempC  visibility  \
0          0.0      23.0       0.0    1010.0   32.0        10.0   
1          0.0      17.0       0.0    1009.0   37.0        10.0   
2          0.0      21.0       0.0    1008.0   38.0        10.0   
3          0.0      19.0       0.0    1009.0   34.0        10.0   
4          0.0      19.0       0.0    1012.0   34.0        10.0   
5          0.0      25.0       0.0    1015.0   33.0        10.0   
6          0.0      23.0       0.0    1012.0   33.0        10.0   
7          0.0      20.0       0.0    1013.0   32.0        10.0   
8          0.0      12.0       0.0    1020.0   19.0        10.0   
9          3.0      37.0       0.0    1017.0   17.0        10.0   
10         4.0      35.0       0.0    1016.0   19.0        10.0   
11         8.0      35.0       0.0    1019.0   20.0        10.0   

    winddirDegree  windspeedKmph    location  
0           218.0           19.0  California  
1           231.0           14.0  California  
2           235.0           14.0  California  
3           211.0           11.0  California  
4           225.0            7.0  California  
5           155.0            4.0  California  
6           267.0           12.0  California  
7           251.0           10.0  California  
8           157.0            4.0  California  
9           260.0           12.0  California  
10          241.0           21.0  California  
11           30.0            7.0  California  , preprocess=True, imputation_type=simple, iterative_imputation_iters=5, categorical_features=None, categorical_imputation=constant, categorical_iterative_imputer=lightgbm, ordinal_features=None, high_cardinality_features=None, high_cardinality_method=frequency, numeric_features=['Year', 'Series'], numeric_imputation=mean, numeric_iterative_imputer=lightgbm, date_features=None, ignore_features=None, normalize=False, normalize_method=zscore, transformation=False, transformation_method=yeo-johnson, handle_unknown_categorical=True, unknown_categorical_method=least_frequent, pca=False, pca_method=linear, pca_components=None, ignore_low_variance=False, combine_rare_levels=False, rare_level_threshold=0.1, bin_numeric_features=None, remove_outliers=False, outliers_threshold=0.05, remove_multicollinearity=False, multicollinearity_threshold=0.9, remove_perfect_collinearity=True, create_clusters=False, cluster_iter=20, polynomial_features=False, polynomial_degree=2, trigonometry_features=False, polynomial_threshold=0.1, group_features=None, group_names=None, feature_selection=False, feature_selection_threshold=0.8, feature_selection_method=classic, feature_interaction=False, feature_ratio=False, interaction_threshold=0.01, fix_imbalance=False, fix_imbalance_method=None, transform_target=True, transform_target_method=box-cox, data_split_shuffle=True, data_split_stratify=False, fold_strategy=timeseries, fold=3, fold_shuffle=False, fold_groups=None, n_jobs=-1, use_gpu=False, custom_pipeline=None, html=True, session_id=123, log_experiment=False, experiment_name=None, log_plots=False, log_profile=False, log_data=False, silent=False, verbose=True, profile=False, profile_kwargs=None, display=None)
2021-07-07 10:19:57,474:INFO:Checking environment
2021-07-07 10:19:57,475:INFO:python_version: 3.8.3
2021-07-07 10:19:57,475:INFO:python_build: ('default', 'Jul  2 2020 17:30:36')
2021-07-07 10:19:57,475:INFO:machine: AMD64
2021-07-07 10:19:57,475:INFO:platform: Windows-10-10.0.19041-SP0
2021-07-07 10:19:57,475:INFO:Memory: svmem(total=16901824512, available=4390486016, percent=74.0, used=12511338496, free=4390486016)
2021-07-07 10:19:57,475:INFO:Physical Core: 4
2021-07-07 10:19:57,475:INFO:Logical Core: 8
2021-07-07 10:19:57,475:INFO:Checking libraries
2021-07-07 10:19:57,475:INFO:pd==1.1.5
2021-07-07 10:19:57,475:INFO:numpy==1.19.5
2021-07-07 10:19:57,475:INFO:sklearn==0.23.2
2021-07-07 10:19:57,475:INFO:lightgbm==3.2.1
2021-07-07 10:19:57,478:WARNING:catboost not found
2021-07-07 10:19:57,481:WARNING:xgboost not found
2021-07-07 10:19:58,543:INFO:mlflow==1.18.0
2021-07-07 10:19:58,543:INFO:Checking Exceptions
2021-07-07 10:20:08,110:INFO:PyCaret Supervised Module
2021-07-07 10:20:08,110:INFO:ML Usecase: regression
2021-07-07 10:20:08,110:INFO:version 2.3.1
2021-07-07 10:20:08,110:INFO:Initializing setup()
2021-07-07 10:20:08,111:INFO:setup(target=Quantity, ml_usecase=regression, available_plots={'parameter': 'Hyperparameters', 'residuals': 'Residuals', 'error': 'Prediction Error', 'cooks': 'Cooks Distance', 'rfe': 'Feature Selection', 'learning': 'Learning Curve', 'manifold': 'Manifold Learning', 'vc': 'Validation Curve', 'feature': 'Feature Importance', 'feature_all': 'Feature Importance (All)', 'tree': 'Decision Tree', 'residuals_interactive': 'Interactive Residuals'}, train_size=0.7, test_data=     date_time  Product Amount  Quantity  maxtempC  mintempC  totalSnow_cm  \
0   2020-07-02           31.99         1      32.0      18.0           0.0   
1   2020-07-09           63.98         2      37.0      19.0           0.0   
2   2020-07-21           31.99         1      38.0      22.0           0.0   
3   2020-08-30           31.99         1      34.0      19.0           0.0   
4   2020-09-12           31.99         1      34.0      19.0           0.0   
5   2020-10-15           56.99         1      33.0      15.0           0.0   
6   2020-10-17           31.99         1      33.0      16.0           0.0   
7   2020-10-19           24.99         1      32.0      15.0           0.0   
8   2020-10-27           31.99         1      19.0       4.0           0.0   
9   2020-11-13            0.00         3      17.0       4.0           0.0   
10  2020-11-18           31.99         1      19.0      11.0           0.0   
11  2020-11-21           31.99         1      20.0       7.0           0.0   

    sunHour  uvIndex  moon_illumination  moonrise     moonset   sunrise  \
0      14.5      7.0               79.0  06:00 PM    03:27 AM  05:42 AM   
1      14.5      8.0               70.0  11:31 PM    10:06 AM  05:46 AM   
2      14.5      8.0                2.0  06:45 AM    09:15 PM  05:54 AM   
3      11.6      7.0               79.0  06:21 PM    03:43 AM  06:23 AM   
4      11.6      7.0               20.0  01:07 AM    04:06 PM  06:33 AM   
5      11.6      7.0                2.0  05:30 AM    06:02 PM  06:59 AM   
6      11.1      7.0                0.0  07:56 AM    07:14 PM  07:00 AM   
7      11.1      7.0               13.0  10:23 AM    08:40 PM  07:02 AM   
8      10.9      4.0               71.0  04:35 PM    03:28 AM  07:09 AM   
9       8.7      4.0                0.0  05:28 AM    05:05 PM  07:26 AM   
10      8.7      5.0               17.0  11:23 AM    09:14 PM  07:31 AM   
11      8.7      4.0               39.0  01:39 PM  No moonset  07:33 AM   

      sunset  DewPointC  FeelsLikeC  HeatIndexC  WindChillC  WindGustKmph  \
0   08:10 PM        1.0        25.0        25.0        25.0          29.0   
1   08:09 PM       -2.0        29.0        29.0        29.0          23.0   
2   08:03 PM        3.0        31.0        31.0        31.0          22.0   
3   07:21 PM       -2.0        27.0        27.0        27.0          18.0   
4   07:02 PM       -1.0        27.0        27.0        27.0          13.0   
5   06:16 PM       -1.0        25.0        25.0        25.0           6.0   
6   06:13 PM       -1.0        25.0        25.0        25.0          19.0   
7   06:11 PM       -3.0        24.0        24.0        24.0          17.0   
8   06:02 PM      -19.0        12.0        12.0        12.0           8.0   
9   05:47 PM       -5.0         9.0        10.0         9.0          20.0   
10  05:44 PM       -2.0        13.0        14.0        13.0          36.0   
11  05:43 PM       -4.0        13.0        13.0        13.0          12.0   

    cloudcover  humidity  precipMM  pressure  tempC  visibility  \
0          0.0      23.0       0.0    1010.0   32.0        10.0   
1          0.0      17.0       0.0    1009.0   37.0        10.0   
2          0.0      21.0       0.0    1008.0   38.0        10.0   
3          0.0      19.0       0.0    1009.0   34.0        10.0   
4          0.0      19.0       0.0    1012.0   34.0        10.0   
5          0.0      25.0       0.0    1015.0   33.0        10.0   
6          0.0      23.0       0.0    1012.0   33.0        10.0   
7          0.0      20.0       0.0    1013.0   32.0        10.0   
8          0.0      12.0       0.0    1020.0   19.0        10.0   
9          3.0      37.0       0.0    1017.0   17.0        10.0   
10         4.0      35.0       0.0    1016.0   19.0        10.0   
11         8.0      35.0       0.0    1019.0   20.0        10.0   

    winddirDegree  windspeedKmph    location  
0           218.0           19.0  California  
1           231.0           14.0  California  
2           235.0           14.0  California  
3           211.0           11.0  California  
4           225.0            7.0  California  
5           155.0            4.0  California  
6           267.0           12.0  California  
7           251.0           10.0  California  
8           157.0            4.0  California  
9           260.0           12.0  California  
10          241.0           21.0  California  
11           30.0            7.0  California  , preprocess=True, imputation_type=simple, iterative_imputation_iters=5, categorical_features=None, categorical_imputation=constant, categorical_iterative_imputer=lightgbm, ordinal_features=None, high_cardinality_features=None, high_cardinality_method=frequency, numeric_features=['Year', 'Series'], numeric_imputation=mean, numeric_iterative_imputer=lightgbm, date_features=None, ignore_features=None, normalize=False, normalize_method=zscore, transformation=False, transformation_method=yeo-johnson, handle_unknown_categorical=True, unknown_categorical_method=least_frequent, pca=False, pca_method=linear, pca_components=None, ignore_low_variance=False, combine_rare_levels=False, rare_level_threshold=0.1, bin_numeric_features=None, remove_outliers=False, outliers_threshold=0.05, remove_multicollinearity=False, multicollinearity_threshold=0.9, remove_perfect_collinearity=True, create_clusters=False, cluster_iter=20, polynomial_features=False, polynomial_degree=2, trigonometry_features=False, polynomial_threshold=0.1, group_features=None, group_names=None, feature_selection=False, feature_selection_threshold=0.8, feature_selection_method=classic, feature_interaction=False, feature_ratio=False, interaction_threshold=0.01, fix_imbalance=False, fix_imbalance_method=None, transform_target=True, transform_target_method=box-cox, data_split_shuffle=True, data_split_stratify=False, fold_strategy=timeseries, fold=3, fold_shuffle=False, fold_groups=None, n_jobs=-1, use_gpu=False, custom_pipeline=None, html=True, session_id=123, log_experiment=False, experiment_name=None, log_plots=False, log_profile=False, log_data=False, silent=False, verbose=True, profile=False, profile_kwargs=None, display=None)
2021-07-07 10:20:08,111:INFO:Checking environment
2021-07-07 10:20:08,111:INFO:python_version: 3.8.3
2021-07-07 10:20:08,111:INFO:python_build: ('default', 'Jul  2 2020 17:30:36')
2021-07-07 10:20:08,111:INFO:machine: AMD64
2021-07-07 10:20:08,111:INFO:platform: Windows-10-10.0.19041-SP0
2021-07-07 10:20:08,111:INFO:Memory: svmem(total=16901824512, available=4365697024, percent=74.2, used=12536127488, free=4365697024)
2021-07-07 10:20:08,112:INFO:Physical Core: 4
2021-07-07 10:20:08,112:INFO:Logical Core: 8
2021-07-07 10:20:08,112:INFO:Checking libraries
2021-07-07 10:20:08,112:INFO:pd==1.1.5
2021-07-07 10:20:08,112:INFO:numpy==1.19.5
2021-07-07 10:20:08,112:INFO:sklearn==0.23.2
2021-07-07 10:20:08,112:INFO:lightgbm==3.2.1
2021-07-07 10:20:08,114:WARNING:catboost not found
2021-07-07 10:20:08,116:WARNING:xgboost not found
2021-07-07 10:20:08,116:INFO:mlflow==1.18.0
2021-07-07 10:20:08,117:INFO:Checking Exceptions
2021-07-07 10:21:23,933:INFO:PyCaret Supervised Module
2021-07-07 10:21:23,933:INFO:ML Usecase: regression
2021-07-07 10:21:23,933:INFO:version 2.3.1
2021-07-07 10:21:23,933:INFO:Initializing setup()
2021-07-07 10:21:23,934:INFO:setup(target=Quantity, ml_usecase=regression, available_plots={'parameter': 'Hyperparameters', 'residuals': 'Residuals', 'error': 'Prediction Error', 'cooks': 'Cooks Distance', 'rfe': 'Feature Selection', 'learning': 'Learning Curve', 'manifold': 'Manifold Learning', 'vc': 'Validation Curve', 'feature': 'Feature Importance', 'feature_all': 'Feature Importance (All)', 'tree': 'Decision Tree', 'residuals_interactive': 'Interactive Residuals'}, train_size=0.7, test_data=     date_time  Product Amount  Quantity  maxtempC  mintempC  totalSnow_cm  \
0   2020-07-02           31.99         1      32.0      18.0           0.0   
1   2020-07-09           63.98         2      37.0      19.0           0.0   
2   2020-07-21           31.99         1      38.0      22.0           0.0   
3   2020-08-30           31.99         1      34.0      19.0           0.0   
4   2020-09-12           31.99         1      34.0      19.0           0.0   
5   2020-10-15           56.99         1      33.0      15.0           0.0   
6   2020-10-17           31.99         1      33.0      16.0           0.0   
7   2020-10-19           24.99         1      32.0      15.0           0.0   
8   2020-10-27           31.99         1      19.0       4.0           0.0   
9   2020-11-13            0.00         3      17.0       4.0           0.0   
10  2020-11-18           31.99         1      19.0      11.0           0.0   
11  2020-11-21           31.99         1      20.0       7.0           0.0   

    sunHour  uvIndex  moon_illumination  moonrise     moonset   sunrise  \
0      14.5      7.0               79.0  06:00 PM    03:27 AM  05:42 AM   
1      14.5      8.0               70.0  11:31 PM    10:06 AM  05:46 AM   
2      14.5      8.0                2.0  06:45 AM    09:15 PM  05:54 AM   
3      11.6      7.0               79.0  06:21 PM    03:43 AM  06:23 AM   
4      11.6      7.0               20.0  01:07 AM    04:06 PM  06:33 AM   
5      11.6      7.0                2.0  05:30 AM    06:02 PM  06:59 AM   
6      11.1      7.0                0.0  07:56 AM    07:14 PM  07:00 AM   
7      11.1      7.0               13.0  10:23 AM    08:40 PM  07:02 AM   
8      10.9      4.0               71.0  04:35 PM    03:28 AM  07:09 AM   
9       8.7      4.0                0.0  05:28 AM    05:05 PM  07:26 AM   
10      8.7      5.0               17.0  11:23 AM    09:14 PM  07:31 AM   
11      8.7      4.0               39.0  01:39 PM  No moonset  07:33 AM   

      sunset  DewPointC  FeelsLikeC  HeatIndexC  WindChillC  WindGustKmph  \
0   08:10 PM        1.0        25.0        25.0        25.0          29.0   
1   08:09 PM       -2.0        29.0        29.0        29.0          23.0   
2   08:03 PM        3.0        31.0        31.0        31.0          22.0   
3   07:21 PM       -2.0        27.0        27.0        27.0          18.0   
4   07:02 PM       -1.0        27.0        27.0        27.0          13.0   
5   06:16 PM       -1.0        25.0        25.0        25.0           6.0   
6   06:13 PM       -1.0        25.0        25.0        25.0          19.0   
7   06:11 PM       -3.0        24.0        24.0        24.0          17.0   
8   06:02 PM      -19.0        12.0        12.0        12.0           8.0   
9   05:47 PM       -5.0         9.0        10.0         9.0          20.0   
10  05:44 PM       -2.0        13.0        14.0        13.0          36.0   
11  05:43 PM       -4.0        13.0        13.0        13.0          12.0   

    cloudcover  humidity  precipMM  pressure  tempC  visibility  \
0          0.0      23.0       0.0    1010.0   32.0        10.0   
1          0.0      17.0       0.0    1009.0   37.0        10.0   
2          0.0      21.0       0.0    1008.0   38.0        10.0   
3          0.0      19.0       0.0    1009.0   34.0        10.0   
4          0.0      19.0       0.0    1012.0   34.0        10.0   
5          0.0      25.0       0.0    1015.0   33.0        10.0   
6          0.0      23.0       0.0    1012.0   33.0        10.0   
7          0.0      20.0       0.0    1013.0   32.0        10.0   
8          0.0      12.0       0.0    1020.0   19.0        10.0   
9          3.0      37.0       0.0    1017.0   17.0        10.0   
10         4.0      35.0       0.0    1016.0   19.0        10.0   
11         8.0      35.0       0.0    1019.0   20.0        10.0   

    winddirDegree  windspeedKmph    location  
0           218.0           19.0  California  
1           231.0           14.0  California  
2           235.0           14.0  California  
3           211.0           11.0  California  
4           225.0            7.0  California  
5           155.0            4.0  California  
6           267.0           12.0  California  
7           251.0           10.0  California  
8           157.0            4.0  California  
9           260.0           12.0  California  
10          241.0           21.0  California  
11           30.0            7.0  California  , preprocess=True, imputation_type=simple, iterative_imputation_iters=5, categorical_features=None, categorical_imputation=constant, categorical_iterative_imputer=lightgbm, ordinal_features=None, high_cardinality_features=None, high_cardinality_method=frequency, numeric_features=['maxtempC', 'mintempC'], numeric_imputation=mean, numeric_iterative_imputer=lightgbm, date_features=None, ignore_features=None, normalize=False, normalize_method=zscore, transformation=False, transformation_method=yeo-johnson, handle_unknown_categorical=True, unknown_categorical_method=least_frequent, pca=False, pca_method=linear, pca_components=None, ignore_low_variance=False, combine_rare_levels=False, rare_level_threshold=0.1, bin_numeric_features=None, remove_outliers=False, outliers_threshold=0.05, remove_multicollinearity=False, multicollinearity_threshold=0.9, remove_perfect_collinearity=True, create_clusters=False, cluster_iter=20, polynomial_features=False, polynomial_degree=2, trigonometry_features=False, polynomial_threshold=0.1, group_features=None, group_names=None, feature_selection=False, feature_selection_threshold=0.8, feature_selection_method=classic, feature_interaction=False, feature_ratio=False, interaction_threshold=0.01, fix_imbalance=False, fix_imbalance_method=None, transform_target=True, transform_target_method=box-cox, data_split_shuffle=True, data_split_stratify=False, fold_strategy=timeseries, fold=3, fold_shuffle=False, fold_groups=None, n_jobs=-1, use_gpu=False, custom_pipeline=None, html=True, session_id=123, log_experiment=False, experiment_name=None, log_plots=False, log_profile=False, log_data=False, silent=False, verbose=True, profile=False, profile_kwargs=None, display=None)
2021-07-07 10:21:23,934:INFO:Checking environment
2021-07-07 10:21:23,934:INFO:python_version: 3.8.3
2021-07-07 10:21:23,934:INFO:python_build: ('default', 'Jul  2 2020 17:30:36')
2021-07-07 10:21:23,934:INFO:machine: AMD64
2021-07-07 10:21:23,935:INFO:platform: Windows-10-10.0.19041-SP0
2021-07-07 10:21:23,935:INFO:Memory: svmem(total=16901824512, available=4404932608, percent=73.9, used=12496891904, free=4404932608)
2021-07-07 10:21:23,935:INFO:Physical Core: 4
2021-07-07 10:21:23,936:INFO:Logical Core: 8
2021-07-07 10:21:23,936:INFO:Checking libraries
2021-07-07 10:21:23,936:INFO:pd==1.1.5
2021-07-07 10:21:23,936:INFO:numpy==1.19.5
2021-07-07 10:21:23,936:INFO:sklearn==0.23.2
2021-07-07 10:21:23,937:INFO:lightgbm==3.2.1
2021-07-07 10:21:23,940:WARNING:catboost not found
2021-07-07 10:21:23,942:WARNING:xgboost not found
2021-07-07 10:21:23,942:INFO:mlflow==1.18.0
2021-07-07 10:21:23,942:INFO:Checking Exceptions
2021-07-07 10:21:23,942:INFO:Declaring global variables
2021-07-07 10:21:23,942:INFO:USI: 027f
2021-07-07 10:21:23,942:INFO:pycaret_globals: {'target_param', 'logging_param', 'experiment__', 'fold_param', 'transform_target_method_param', 'master_model_container', 'exp_name_log', 'iterative_imputation_iters_param', 'fix_imbalance_method_param', 'X', 'gpu_param', '_ml_usecase', '_all_models_internal', 'imputation_regressor', 'data_before_preprocess', 'prep_pipe', 'fold_groups_param', 'y_test', 'USI', '_all_metrics', 'create_model_container', '_available_plots', 'X_train', '_internal_pipeline', 'stratify_param', 'log_plots_param', 'html_param', 'display_container', 'pycaret_globals', '_gpu_n_jobs_param', 'y', 'n_jobs_param', 'y_train', 'fold_generator', 'fold_shuffle_param', '_all_models', 'X_test', 'fold_groups_param_full', 'transform_target_param', 'fix_imbalance_param', 'seed', 'imputation_classifier'}
2021-07-07 10:21:23,942:INFO:Preparing display monitor
2021-07-07 10:21:23,942:INFO:Preparing display monitor
2021-07-07 10:21:24,004:INFO:Importing libraries
2021-07-07 10:21:24,005:INFO:Copying data for preprocessing
2021-07-07 10:21:24,018:INFO:Declaring preprocessing parameters
2021-07-07 10:21:24,022:INFO:Creating preprocessing pipeline
2021-07-07 10:21:24,033:INFO:Preprocessing pipeline created successfully
2021-07-07 10:21:24,033:ERROR:(Process Exit): setup has been interupted with user command 'quit'. setup must rerun.
2021-07-07 10:21:24,034:INFO:Creating global containers
2021-07-07 10:21:24,039:INFO:Internal pipeline: Pipeline(memory=None, steps=[('empty_step', 'passthrough')], verbose=False)
2021-07-07 10:34:08,037:INFO:PyCaret Supervised Module
2021-07-07 10:34:08,038:INFO:ML Usecase: regression
2021-07-07 10:34:08,038:INFO:version 2.3.1
2021-07-07 10:34:08,038:INFO:Initializing setup()
2021-07-07 10:34:08,038:INFO:setup(target=Quantity, ml_usecase=regression, available_plots={'parameter': 'Hyperparameters', 'residuals': 'Residuals', 'error': 'Prediction Error', 'cooks': 'Cooks Distance', 'rfe': 'Feature Selection', 'learning': 'Learning Curve', 'manifold': 'Manifold Learning', 'vc': 'Validation Curve', 'feature': 'Feature Importance', 'feature_all': 'Feature Importance (All)', 'tree': 'Decision Tree', 'residuals_interactive': 'Interactive Residuals'}, train_size=0.7, test_data=    Product Amount  Quantity  maxtempC  mintempC  sunHour  uvIndex  \
0            31.99         1      32.0      18.0     14.5      7.0   
1            63.98         2      37.0      19.0     14.5      8.0   
2            31.99         1      38.0      22.0     14.5      8.0   
3            31.99         1      34.0      19.0     11.6      7.0   
4            31.99         1      34.0      19.0     11.6      7.0   
5            56.99         1      33.0      15.0     11.6      7.0   
6            31.99         1      33.0      16.0     11.1      7.0   
7            24.99         1      32.0      15.0     11.1      7.0   
8            31.99         1      19.0       4.0     10.9      4.0   
9             0.00         3      17.0       4.0      8.7      4.0   
10           31.99         1      19.0      11.0      8.7      5.0   
11           31.99         1      20.0       7.0      8.7      4.0   

    FeelsLikeC  WindChillC  humidity  tempC  
0         25.0        25.0      23.0   32.0  
1         29.0        29.0      17.0   37.0  
2         31.0        31.0      21.0   38.0  
3         27.0        27.0      19.0   34.0  
4         27.0        27.0      19.0   34.0  
5         25.0        25.0      25.0   33.0  
6         25.0        25.0      23.0   33.0  
7         24.0        24.0      20.0   32.0  
8         12.0        12.0      12.0   19.0  
9          9.0         9.0      37.0   17.0  
10        13.0        13.0      35.0   19.0  
11        13.0        13.0      35.0   20.0  , preprocess=True, imputation_type=simple, iterative_imputation_iters=5, categorical_features=None, categorical_imputation=constant, categorical_iterative_imputer=lightgbm, ordinal_features=None, high_cardinality_features=None, high_cardinality_method=frequency, numeric_features=['maxtempC', 'mintempC'], numeric_imputation=mean, numeric_iterative_imputer=lightgbm, date_features=None, ignore_features=None, normalize=False, normalize_method=zscore, transformation=False, transformation_method=yeo-johnson, handle_unknown_categorical=True, unknown_categorical_method=least_frequent, pca=False, pca_method=linear, pca_components=None, ignore_low_variance=False, combine_rare_levels=False, rare_level_threshold=0.1, bin_numeric_features=None, remove_outliers=False, outliers_threshold=0.05, remove_multicollinearity=False, multicollinearity_threshold=0.9, remove_perfect_collinearity=True, create_clusters=False, cluster_iter=20, polynomial_features=False, polynomial_degree=2, trigonometry_features=False, polynomial_threshold=0.1, group_features=None, group_names=None, feature_selection=False, feature_selection_threshold=0.8, feature_selection_method=classic, feature_interaction=False, feature_ratio=False, interaction_threshold=0.01, fix_imbalance=False, fix_imbalance_method=None, transform_target=True, transform_target_method=box-cox, data_split_shuffle=True, data_split_stratify=False, fold_strategy=timeseries, fold=3, fold_shuffle=False, fold_groups=None, n_jobs=-1, use_gpu=False, custom_pipeline=None, html=True, session_id=123, log_experiment=False, experiment_name=None, log_plots=False, log_profile=False, log_data=False, silent=False, verbose=True, profile=False, profile_kwargs=None, display=None)
2021-07-07 10:34:08,038:INFO:Checking environment
2021-07-07 10:34:08,038:INFO:python_version: 3.8.3
2021-07-07 10:34:08,038:INFO:python_build: ('default', 'Jul  2 2020 17:30:36')
2021-07-07 10:34:08,038:INFO:machine: AMD64
2021-07-07 10:34:08,039:INFO:platform: Windows-10-10.0.19041-SP0
2021-07-07 10:34:08,039:INFO:Memory: svmem(total=16901824512, available=4397985792, percent=74.0, used=12503838720, free=4397985792)
2021-07-07 10:34:08,039:INFO:Physical Core: 4
2021-07-07 10:34:08,039:INFO:Logical Core: 8
2021-07-07 10:34:08,039:INFO:Checking libraries
2021-07-07 10:34:08,039:INFO:pd==1.1.5
2021-07-07 10:34:08,039:INFO:numpy==1.19.5
2021-07-07 10:34:08,039:INFO:sklearn==0.23.2
2021-07-07 10:34:08,039:INFO:lightgbm==3.2.1
2021-07-07 10:34:08,042:WARNING:catboost not found
2021-07-07 10:34:08,044:WARNING:xgboost not found
2021-07-07 10:34:08,965:INFO:mlflow==1.18.0
2021-07-07 10:34:08,965:INFO:Checking Exceptions
2021-07-07 10:34:08,965:INFO:Declaring global variables
2021-07-07 10:34:08,965:INFO:USI: 368e
2021-07-07 10:34:08,965:INFO:pycaret_globals: {'y_test', 'create_model_container', 'exp_name_log', '_all_models', 'master_model_container', 'n_jobs_param', 'gpu_param', '_ml_usecase', 'fold_shuffle_param', 'fold_groups_param', 'transform_target_param', 'imputation_classifier', 'X_train', 'fix_imbalance_method_param', 'stratify_param', 'fix_imbalance_param', 'transform_target_method_param', '_all_models_internal', 'y_train', 'log_plots_param', 'iterative_imputation_iters_param', '_available_plots', 'display_container', 'fold_param', 'data_before_preprocess', 'html_param', 'target_param', 'fold_generator', 'prep_pipe', 'X_test', 'USI', 'experiment__', 'pycaret_globals', 'imputation_regressor', 'logging_param', 'seed', 'y', '_all_metrics', '_gpu_n_jobs_param', 'X', 'fold_groups_param_full', '_internal_pipeline'}
2021-07-07 10:34:08,965:INFO:Preparing display monitor
2021-07-07 10:34:08,966:INFO:Preparing display monitor
2021-07-07 10:34:08,980:INFO:Importing libraries
2021-07-07 10:34:08,981:INFO:Copying data for preprocessing
2021-07-07 10:34:08,989:INFO:Declaring preprocessing parameters
2021-07-07 10:34:08,992:INFO:Creating preprocessing pipeline
2021-07-07 10:34:08,998:INFO:Preprocessing pipeline created successfully
2021-07-07 10:34:08,998:ERROR:(Process Exit): setup has been interupted with user command 'quit'. setup must rerun.
2021-07-07 10:34:08,999:INFO:Creating global containers
2021-07-07 10:34:09,000:INFO:Internal pipeline: Pipeline(memory=None, steps=[('empty_step', 'passthrough')], verbose=False)
2021-07-07 10:35:56,196:INFO:PyCaret Supervised Module
2021-07-07 10:35:56,197:INFO:ML Usecase: regression
2021-07-07 10:35:56,197:INFO:version 2.3.1
2021-07-07 10:35:56,197:INFO:Initializing setup()
2021-07-07 10:35:56,197:INFO:setup(target=Quantity, ml_usecase=regression, available_plots={'parameter': 'Hyperparameters', 'residuals': 'Residuals', 'error': 'Prediction Error', 'cooks': 'Cooks Distance', 'rfe': 'Feature Selection', 'learning': 'Learning Curve', 'manifold': 'Manifold Learning', 'vc': 'Validation Curve', 'feature': 'Feature Importance', 'feature_all': 'Feature Importance (All)', 'tree': 'Decision Tree', 'residuals_interactive': 'Interactive Residuals'}, train_size=0.7, test_data=    Product Amount  Quantity  maxtempC  mintempC  sunHour  uvIndex  \
0            31.99         1      32.0      18.0     14.5      7.0   
1            63.98         2      37.0      19.0     14.5      8.0   
2            31.99         1      38.0      22.0     14.5      8.0   
3            31.99         1      34.0      19.0     11.6      7.0   
4            31.99         1      34.0      19.0     11.6      7.0   
5            56.99         1      33.0      15.0     11.6      7.0   
6            31.99         1      33.0      16.0     11.1      7.0   
7            24.99         1      32.0      15.0     11.1      7.0   
8            31.99         1      19.0       4.0     10.9      4.0   
9             0.00         3      17.0       4.0      8.7      4.0   
10           31.99         1      19.0      11.0      8.7      5.0   
11           31.99         1      20.0       7.0      8.7      4.0   

    FeelsLikeC  WindChillC  humidity  tempC  
0         25.0        25.0      23.0   32.0  
1         29.0        29.0      17.0   37.0  
2         31.0        31.0      21.0   38.0  
3         27.0        27.0      19.0   34.0  
4         27.0        27.0      19.0   34.0  
5         25.0        25.0      25.0   33.0  
6         25.0        25.0      23.0   33.0  
7         24.0        24.0      20.0   32.0  
8         12.0        12.0      12.0   19.0  
9          9.0         9.0      37.0   17.0  
10        13.0        13.0      35.0   19.0  
11        13.0        13.0      35.0   20.0  , preprocess=True, imputation_type=simple, iterative_imputation_iters=5, categorical_features=None, categorical_imputation=constant, categorical_iterative_imputer=lightgbm, ordinal_features=None, high_cardinality_features=None, high_cardinality_method=frequency, numeric_features=['maxtempC', 'mintempC'], numeric_imputation=mean, numeric_iterative_imputer=lightgbm, date_features=None, ignore_features=None, normalize=False, normalize_method=zscore, transformation=False, transformation_method=yeo-johnson, handle_unknown_categorical=True, unknown_categorical_method=least_frequent, pca=False, pca_method=linear, pca_components=None, ignore_low_variance=False, combine_rare_levels=False, rare_level_threshold=0.1, bin_numeric_features=None, remove_outliers=False, outliers_threshold=0.05, remove_multicollinearity=False, multicollinearity_threshold=0.9, remove_perfect_collinearity=True, create_clusters=False, cluster_iter=20, polynomial_features=False, polynomial_degree=2, trigonometry_features=False, polynomial_threshold=0.1, group_features=None, group_names=None, feature_selection=False, feature_selection_threshold=0.8, feature_selection_method=classic, feature_interaction=False, feature_ratio=False, interaction_threshold=0.01, fix_imbalance=False, fix_imbalance_method=None, transform_target=True, transform_target_method=box-cox, data_split_shuffle=True, data_split_stratify=False, fold_strategy=timeseries, fold=3, fold_shuffle=False, fold_groups=None, n_jobs=-1, use_gpu=False, custom_pipeline=None, html=True, session_id=123, log_experiment=False, experiment_name=None, log_plots=False, log_profile=False, log_data=False, silent=False, verbose=True, profile=False, profile_kwargs=None, display=None)
2021-07-07 10:35:56,197:INFO:Checking environment
2021-07-07 10:35:56,197:INFO:python_version: 3.8.3
2021-07-07 10:35:56,197:INFO:python_build: ('default', 'Jul  2 2020 17:30:36')
2021-07-07 10:35:56,197:INFO:machine: AMD64
2021-07-07 10:35:56,198:INFO:platform: Windows-10-10.0.19041-SP0
2021-07-07 10:35:56,198:INFO:Memory: svmem(total=16901824512, available=4298108928, percent=74.6, used=12603715584, free=4298108928)
2021-07-07 10:35:56,198:INFO:Physical Core: 4
2021-07-07 10:35:56,198:INFO:Logical Core: 8
2021-07-07 10:35:56,198:INFO:Checking libraries
2021-07-07 10:35:56,198:INFO:pd==1.1.5
2021-07-07 10:35:56,198:INFO:numpy==1.19.5
2021-07-07 10:35:56,198:INFO:sklearn==0.23.2
2021-07-07 10:35:56,198:INFO:lightgbm==3.2.1
2021-07-07 10:35:56,200:WARNING:catboost not found
2021-07-07 10:35:56,202:WARNING:xgboost not found
2021-07-07 10:35:57,038:INFO:mlflow==1.18.0
2021-07-07 10:35:57,038:INFO:Checking Exceptions
2021-07-07 10:35:57,038:INFO:Declaring global variables
2021-07-07 10:35:57,038:INFO:USI: 8d43
2021-07-07 10:35:57,038:INFO:pycaret_globals: {'USI', '_all_models', 'X', 'experiment__', 'master_model_container', 'fix_imbalance_param', 'exp_name_log', 'create_model_container', 'pycaret_globals', 'display_container', 'n_jobs_param', 'fold_groups_param_full', 'X_train', 'fold_shuffle_param', 'fold_groups_param', 'html_param', 'iterative_imputation_iters_param', 'y', '_gpu_n_jobs_param', 'imputation_regressor', 'data_before_preprocess', 'logging_param', 'log_plots_param', 'transform_target_method_param', 'fold_param', 'transform_target_param', '_all_models_internal', 'y_train', 'fold_generator', 'imputation_classifier', '_available_plots', 'fix_imbalance_method_param', 'y_test', 'X_test', 'prep_pipe', '_all_metrics', 'target_param', '_internal_pipeline', 'seed', '_ml_usecase', 'gpu_param', 'stratify_param'}
2021-07-07 10:35:57,038:INFO:Preparing display monitor
2021-07-07 10:35:57,038:INFO:Preparing display monitor
2021-07-07 10:35:57,050:INFO:Importing libraries
2021-07-07 10:35:57,050:INFO:Copying data for preprocessing
2021-07-07 10:35:57,058:INFO:Declaring preprocessing parameters
2021-07-07 10:35:57,059:INFO:Creating preprocessing pipeline
2021-07-07 10:35:57,063:INFO:Preprocessing pipeline created successfully
2021-07-07 10:35:57,063:ERROR:(Process Exit): setup has been interupted with user command 'quit'. setup must rerun.
2021-07-07 10:35:57,064:INFO:Creating global containers
2021-07-07 10:35:57,065:INFO:Internal pipeline: Pipeline(memory=None, steps=[('empty_step', 'passthrough')], verbose=False)
2021-07-07 10:46:52,828:INFO:PyCaret Supervised Module
2021-07-07 10:46:52,828:INFO:ML Usecase: regression
2021-07-07 10:46:52,829:INFO:version 2.3.1
2021-07-07 10:46:52,829:INFO:Initializing setup()
2021-07-07 10:46:52,829:INFO:setup(target=quantity, ml_usecase=regression, available_plots={'parameter': 'Hyperparameters', 'residuals': 'Residuals', 'error': 'Prediction Error', 'cooks': 'Cooks Distance', 'rfe': 'Feature Selection', 'learning': 'Learning Curve', 'manifold': 'Manifold Learning', 'vc': 'Validation Curve', 'feature': 'Feature Importance', 'feature_all': 'Feature Importance (All)', 'tree': 'Decision Tree', 'residuals_interactive': 'Interactive Residuals'}, train_size=0.7, test_data=None, preprocess=True, imputation_type=simple, iterative_imputation_iters=5, categorical_features=None, categorical_imputation=constant, categorical_iterative_imputer=lightgbm, ordinal_features=None, high_cardinality_features=None, high_cardinality_method=frequency, numeric_features=None, numeric_imputation=mean, numeric_iterative_imputer=lightgbm, date_features=None, ignore_features=None, normalize=False, normalize_method=zscore, transformation=False, transformation_method=yeo-johnson, handle_unknown_categorical=True, unknown_categorical_method=least_frequent, pca=False, pca_method=linear, pca_components=None, ignore_low_variance=False, combine_rare_levels=False, rare_level_threshold=0.1, bin_numeric_features=None, remove_outliers=False, outliers_threshold=0.05, remove_multicollinearity=False, multicollinearity_threshold=0.9, remove_perfect_collinearity=True, create_clusters=False, cluster_iter=20, polynomial_features=False, polynomial_degree=2, trigonometry_features=False, polynomial_threshold=0.1, group_features=None, group_names=None, feature_selection=False, feature_selection_threshold=0.8, feature_selection_method=classic, feature_interaction=False, feature_ratio=False, interaction_threshold=0.01, fix_imbalance=False, fix_imbalance_method=None, transform_target=False, transform_target_method=box-cox, data_split_shuffle=True, data_split_stratify=False, fold_strategy=kfold, fold=10, fold_shuffle=False, fold_groups=None, n_jobs=-1, use_gpu=False, custom_pipeline=None, html=True, session_id=None, log_experiment=False, experiment_name=None, log_plots=False, log_profile=False, log_data=False, silent=False, verbose=True, profile=False, profile_kwargs=None, display=None)
2021-07-07 10:46:52,829:INFO:Checking environment
2021-07-07 10:46:52,829:INFO:python_version: 3.8.3
2021-07-07 10:46:52,830:INFO:python_build: ('default', 'Jul  2 2020 17:30:36')
2021-07-07 10:46:52,830:INFO:machine: AMD64
2021-07-07 10:46:52,833:INFO:platform: Windows-10-10.0.19041-SP0
2021-07-07 10:46:52,835:INFO:Memory: svmem(total=16901824512, available=4453113856, percent=73.7, used=12448710656, free=4453113856)
2021-07-07 10:46:52,835:INFO:Physical Core: 4
2021-07-07 10:46:52,835:INFO:Logical Core: 8
2021-07-07 10:46:52,835:INFO:Checking libraries
2021-07-07 10:46:52,835:INFO:pd==1.1.5
2021-07-07 10:46:52,835:INFO:numpy==1.19.5
2021-07-07 10:46:52,835:INFO:sklearn==0.23.2
2021-07-07 10:46:52,835:INFO:lightgbm==3.2.1
2021-07-07 10:46:52,840:WARNING:catboost not found
2021-07-07 10:46:52,844:WARNING:xgboost not found
2021-07-07 10:46:53,779:INFO:mlflow==1.18.0
2021-07-07 10:46:53,779:INFO:Checking Exceptions
2021-07-07 10:46:59,831:INFO:PyCaret Supervised Module
2021-07-07 10:46:59,831:INFO:ML Usecase: regression
2021-07-07 10:46:59,831:INFO:version 2.3.1
2021-07-07 10:46:59,832:INFO:Initializing setup()
2021-07-07 10:46:59,832:INFO:setup(target=Quantity, ml_usecase=regression, available_plots={'parameter': 'Hyperparameters', 'residuals': 'Residuals', 'error': 'Prediction Error', 'cooks': 'Cooks Distance', 'rfe': 'Feature Selection', 'learning': 'Learning Curve', 'manifold': 'Manifold Learning', 'vc': 'Validation Curve', 'feature': 'Feature Importance', 'feature_all': 'Feature Importance (All)', 'tree': 'Decision Tree', 'residuals_interactive': 'Interactive Residuals'}, train_size=0.7, test_data=None, preprocess=True, imputation_type=simple, iterative_imputation_iters=5, categorical_features=None, categorical_imputation=constant, categorical_iterative_imputer=lightgbm, ordinal_features=None, high_cardinality_features=None, high_cardinality_method=frequency, numeric_features=None, numeric_imputation=mean, numeric_iterative_imputer=lightgbm, date_features=None, ignore_features=None, normalize=False, normalize_method=zscore, transformation=False, transformation_method=yeo-johnson, handle_unknown_categorical=True, unknown_categorical_method=least_frequent, pca=False, pca_method=linear, pca_components=None, ignore_low_variance=False, combine_rare_levels=False, rare_level_threshold=0.1, bin_numeric_features=None, remove_outliers=False, outliers_threshold=0.05, remove_multicollinearity=False, multicollinearity_threshold=0.9, remove_perfect_collinearity=True, create_clusters=False, cluster_iter=20, polynomial_features=False, polynomial_degree=2, trigonometry_features=False, polynomial_threshold=0.1, group_features=None, group_names=None, feature_selection=False, feature_selection_threshold=0.8, feature_selection_method=classic, feature_interaction=False, feature_ratio=False, interaction_threshold=0.01, fix_imbalance=False, fix_imbalance_method=None, transform_target=False, transform_target_method=box-cox, data_split_shuffle=True, data_split_stratify=False, fold_strategy=kfold, fold=10, fold_shuffle=False, fold_groups=None, n_jobs=-1, use_gpu=False, custom_pipeline=None, html=True, session_id=None, log_experiment=False, experiment_name=None, log_plots=False, log_profile=False, log_data=False, silent=False, verbose=True, profile=False, profile_kwargs=None, display=None)
2021-07-07 10:46:59,832:INFO:Checking environment
2021-07-07 10:46:59,832:INFO:python_version: 3.8.3
2021-07-07 10:46:59,832:INFO:python_build: ('default', 'Jul  2 2020 17:30:36')
2021-07-07 10:46:59,832:INFO:machine: AMD64
2021-07-07 10:46:59,832:INFO:platform: Windows-10-10.0.19041-SP0
2021-07-07 10:46:59,833:INFO:Memory: svmem(total=16901824512, available=4431044608, percent=73.8, used=12470779904, free=4431044608)
2021-07-07 10:46:59,833:INFO:Physical Core: 4
2021-07-07 10:46:59,833:INFO:Logical Core: 8
2021-07-07 10:46:59,833:INFO:Checking libraries
2021-07-07 10:46:59,833:INFO:pd==1.1.5
2021-07-07 10:46:59,833:INFO:numpy==1.19.5
2021-07-07 10:46:59,833:INFO:sklearn==0.23.2
2021-07-07 10:46:59,833:INFO:lightgbm==3.2.1
2021-07-07 10:46:59,835:WARNING:catboost not found
2021-07-07 10:46:59,837:WARNING:xgboost not found
2021-07-07 10:46:59,837:INFO:mlflow==1.18.0
2021-07-07 10:46:59,837:INFO:Checking Exceptions
2021-07-07 10:46:59,837:INFO:Declaring global variables
2021-07-07 10:46:59,837:INFO:USI: 754c
2021-07-07 10:46:59,837:INFO:pycaret_globals: {'fold_groups_param', 'log_plots_param', 'iterative_imputation_iters_param', '_internal_pipeline', 'exp_name_log', 'y_test', '_available_plots', 'y_train', '_gpu_n_jobs_param', '_ml_usecase', 'pycaret_globals', 'n_jobs_param', 'fold_shuffle_param', 'X_train', 'target_param', 'USI', 'fix_imbalance_param', 'display_container', '_all_metrics', 'X_test', 'html_param', '_all_models', 'create_model_container', '_all_models_internal', 'logging_param', 'imputation_regressor', 'y', 'data_before_preprocess', 'X', 'fix_imbalance_method_param', 'prep_pipe', 'transform_target_param', 'seed', 'experiment__', 'master_model_container', 'imputation_classifier', 'fold_groups_param_full', 'fold_param', 'fold_generator', 'transform_target_method_param', 'gpu_param', 'stratify_param'}
2021-07-07 10:46:59,837:INFO:Preparing display monitor
2021-07-07 10:46:59,837:INFO:Preparing display monitor
2021-07-07 10:46:59,855:INFO:Importing libraries
2021-07-07 10:46:59,855:INFO:Copying data for preprocessing
2021-07-07 10:46:59,872:INFO:Declaring preprocessing parameters
2021-07-07 10:46:59,874:INFO:Creating preprocessing pipeline
2021-07-07 10:46:59,886:INFO:Preprocessing pipeline created successfully
2021-07-07 10:46:59,887:ERROR:(Process Exit): setup has been interupted with user command 'quit'. setup must rerun.
2021-07-07 10:46:59,887:INFO:Creating global containers
2021-07-07 10:46:59,889:INFO:Internal pipeline: Pipeline(memory=None, steps=[('empty_step', 'passthrough')], verbose=False)
